# JRE version: OpenJDK Runtime Environment (11.0.2+9) (build 11.0.2+9)
# Java VM: OpenJDK 64-Bit Server VM (11.0.2+9, mixed mode, tiered, compressed oops, g1 gc, windows-amd64)
Heap:
 garbage-first heap   total 131072K, used 97480K [0x00000000c0000000, 0x0000000100000000)
  region size 1024K, 75 young (76800K), 8 survivors (8192K)
 Metaspace       used 44300K, capacity 44969K, committed 45184K, reserved 1089536K
  class space    used 4820K, capacity 5122K, committed 5248K, reserved 1048576K
GC Heap History (10 events):
Event: 4.857 GC heap before
{Heap before GC invocations=11 (full 0):
 garbage-first heap   total 131072K, used 89544K [0x00000000c0000000, 0x0000000100000000)
  region size 1024K, 68 young (69632K), 5 survivors (5120K)
 Metaspace       used 35104K, capacity 35534K, committed 35712K, reserved 1081344K
  class space    used 3759K, capacity 3935K, committed 3968K, reserved 1048576K
}
Event: 4.861 GC heap after
{Heap after GC invocations=12 (full 0):
 garbage-first heap   total 131072K, used 25993K [0x00000000c0000000, 0x0000000100000000)
  region size 1024K, 6 young (6144K), 6 survivors (6144K)
 Metaspace       used 35104K, capacity 35534K, committed 35712K, reserved 1081344K
  class space    used 3759K, capacity 3935K, committed 3968K, reserved 1048576K
}
Event: 5.023 GC heap before
{Heap before GC invocations=12 (full 0):
 garbage-first heap   total 131072K, used 93577K [0x00000000c0000000, 0x0000000100000000)
  region size 1024K, 72 young (73728K), 6 survivors (6144K)
 Metaspace       used 35270K, capacity 35726K, committed 35840K, reserved 1081344K
  class space    used 3773K, capacity 3935K, committed 3968K, reserved 1048576K
}
Event: 5.031 GC heap after
{Heap after GC invocations=13 (full 0):
 garbage-first heap   total 131072K, used 27268K [0x00000000c0000000, 0x0000000100000000)
  region size 1024K, 6 young (6144K), 6 survivors (6144K)
 Metaspace       used 35270K, capacity 35726K, committed 35840K, reserved 1081344K
  class space    used 3773K, capacity 3935K, committed 3968K, reserved 1048576K
}
Event: 5.092 GC heap before
{Heap before GC invocations=13 (full 0):
 garbage-first heap   total 131072K, used 51844K [0x00000000c0000000, 0x0000000100000000)
  region size 1024K, 31 young (31744K), 6 survivors (6144K)
 Metaspace       used 35394K, capacity 35822K, committed 35840K, reserved 1081344K
  class space    used 3785K, capacity 3967K, committed 3968K, reserved 1048576K
}
Event: 5.096 GC heap after
{Heap after GC invocations=14 (full 0):
 garbage-first heap   total 131072K, used 27733K [0x00000000c0000000, 0x0000000100000000)
  region size 1024K, 6 young (6144K), 6 survivors (6144K)
 Metaspace       used 35394K, capacity 35822K, committed 35840K, reserved 1081344K
  class space    used 3785K, capacity 3967K, committed 3968K, reserved 1048576K
}
Event: 5.252 GC heap before
{Heap before GC invocations=15 (full 0):
 garbage-first heap   total 131072K, used 96341K [0x00000000c0000000, 0x0000000100000000)
  region size 1024K, 73 young (74752K), 6 survivors (6144K)
 Metaspace       used 35597K, capacity 36078K, committed 36224K, reserved 1081344K
  class space    used 3813K, capacity 4031K, committed 4096K, reserved 1048576K
}
Event: 5.259 GC heap after
{Heap after GC invocations=16 (full 0):
 garbage-first heap   total 131072K, used 28891K [0x00000000c0000000, 0x0000000100000000)
  region size 1024K, 7 young (7168K), 7 survivors (7168K)
 Metaspace       used 35597K, capacity 36078K, committed 36224K, reserved 1081344K
  class space    used 3813K, capacity 4031K, committed 4096K, reserved 1048576K
}
Event: 5.425 GC heap before
{Heap before GC invocations=16 (full 0):
 garbage-first heap   total 131072K, used 97499K [0x00000000c0000000, 0x0000000100000000)
  region size 1024K, 74 young (75776K), 7 survivors (7168K)
 Metaspace       used 35787K, capacity 36270K, committed 36480K, reserved 1081344K
  class space    used 3834K, capacity 4031K, committed 4096K, reserved 1048576K
}
Event: 5.431 GC heap after
{Heap after GC invocations=17 (full 0):
 garbage-first heap   total 131072K, used 29896K [0x00000000c0000000, 0x0000000100000000)
  region size 1024K, 8 young (8192K), 8 survivors (8192K)
 Metaspace       used 35787K, capacity 36270K, committed 36480K, reserved 1081344K
  class space    used 3834K, capacity 4031K, committed 4096K, reserved 1048576K
}

